<?xml version="1.0" encoding="UTF-8"?>
<!-- Generated by org.testng.reporters.JUnitReportReporter -->
<testsuite hostname="DESKTOP-CG8OTR4" failures="0" tests="2" name="DataReader.Sample" time="0.003" errors="0" timestamp="2024-08-03T22:24:54 IST" skipped="0">
  <testcase classname="DataReader.Sample" name="Demo2" time="0.001"/>
  <system-out/>
  <testcase classname="DataReader.Sample" name="Demo1" time="0.002"/>
  <system-out/>
</testsuite> <!-- DataReader.Sample -->
