<?xml version="1.0" encoding="UTF-8"?>
<!-- Generated by org.testng.reporters.JUnitReportReporter -->
<testsuite hostname="DESKTOP-CG8OTR4" failures="0" tests="1" name="DataReader.ExcelReader" time="0.562" errors="0" timestamp="2024-08-03T22:24:54 IST" skipped="0">
  <testcase classname="DataReader.ExcelReader" name="dataReader" time="0.562"/>
  <system-out/>
</testsuite> <!-- DataReader.ExcelReader -->
