<?xml version="1.0" encoding="UTF-8"?>
<!-- Generated by org.testng.reporters.JUnitReportReporter -->
<testsuite hostname="DESKTOP-CG8OTR4" failures="0" tests="1" name="DataReader.ExcelReader2" time="0.033" errors="0" timestamp="2024-08-03T22:24:54 IST" skipped="0">
  <testcase classname="DataReader.ExcelReader2" name="dataReader2" time="0.033"/>
  <system-out/>
</testsuite> <!-- DataReader.ExcelReader2 -->
